<?xml version="1.0" encoding="UTF-8"?>
<!-- Generated by org.testng.reporters.JUnitXMLReporter -->
<testsuite hostname="Windows" name="Default test" tests="3" failures="1" timestamp="26 Mar 2021 10:03:30 GMT" time="0.069" errors="0">
  <testcase name="test1" time="0.02" classname="demo.TestNGRetryFailedDemo"/>
  <testcase name="test2" time="0.004" classname="demo.TestNGRetryFailedDemo"/>
  <testcase name="test3" time="0.004" classname="demo.TestNGRetryFailedDemo">
    <failure type="java.lang.AssertionError" message="expected [true] but found [false]">
      <![CDATA[java.lang.AssertionError: expected [true] but found [false]
	at demo.TestNGRetryFailedDemo.test3(TestNGRetryFailedDemo.java:25)
... Removed 28 stack frames]]>
    </failure>
  </testcase> <!-- test3 -->
</testsuite> <!-- Default test -->
